<?xml version="1.0" encoding="UTF-8"?>
<testng-results skipped="0" failed="0" ignored="0" total="1" passed="1">
  <reporter-output>
    <line>
      <![CDATA[URL test Passed123]]>
    </line>
  </reporter-output>
  <suite name="Default suite" duration-ms="296016" started-at="2019-11-28T10:14:08 IST" finished-at="2019-11-28T10:19:04 IST">
    <groups>
    </groups>
    <test name="Default test" duration-ms="296016" started-at="2019-11-28T10:14:08 IST" finished-at="2019-11-28T10:19:04 IST">
      <class name="testCases.RMS">
        <test-method status="PASS" signature="setup()[pri:0, instance:testCases.RMS@1f36e637]" name="setup" duration-ms="295738" started-at="2019-11-28T10:14:09 IST" finished-at="2019-11-28T10:19:04 IST">
          <reporter-output>
            <line>
              <![CDATA[URL test Passed123]]>
            </line>
          </reporter-output>
        </test-method> <!-- setup -->
      </class> <!-- testCases.RMS -->
    </test> <!-- Default test -->
  </suite> <!-- Default suite -->
</testng-results>
